nohup: ignoring input
INFO:__main__:Starting bot...
INFO:aiogram.dispatcher:Start polling
INFO:aiogram.dispatcher:Run polling for bot @myimagennbot id=8034069885 - 'INN'
INFO:__main__:Image received in chat 999322114
INFO:__main__:Image converted in chat 999322114
INFO:__main__:Image received in chat 999322114
INFO:__main__:Image converted in chat 999322114
INFO:__main__:Image received in chat 999322114
INFO:__main__:Image converted in chat 999322114
INFO:__main__:Image received in chat 999322114
INFO:__main__:Image converted in chat 999322114
INFO:__main__:Image received in chat 999322114
INFO:__main__:Image converted in chat 999322114
INFO:__main__:Image received in chat 999322114
INFO:__main__:Image converted in chat 999322114
INFO:__main__:Image received in chat 999322114
INFO:__main__:Image converted in chat 999322114
INFO:__main__:Image received in chat 999322114
INFO:__main__:Image converted in chat 999322114
INFO:__main__:Image received in chat 999322114
INFO:__main__:Image converted in chat 999322114
INFO:__main__:Image received in chat 999322114
INFO:__main__:Image converted in chat 999322114
INFO:__main__:Image received in chat 999322114
INFO:__main__:Image converted in chat 999322114
INFO:__main__:Image received in chat 999322114
INFO:__main__:Image converted in chat 999322114
INFO:__main__:Image received in chat 999322114
INFO:__main__:Image converted in chat 999322114
INFO:__main__:Image received in chat 999322114
INFO:__main__:Image converted in chat 999322114
INFO:__main__:Image received in chat 999322114
INFO:__main__:Image converted in chat 999322114
INFO:__main__:Image received in chat 999322114
INFO:__main__:Image converted in chat 999322114
INFO:__main__:Image received in chat 999322114
INFO:__main__:Image converted in chat 999322114
INFO:__main__:Image received in chat 999322114
INFO:__main__:Image converted in chat 999322114
INFO:__main__:Image received in chat 999322114
INFO:__main__:Image converted in chat 999322114
INFO:__main__:Image received in chat 999322114
INFO:__main__:Image converted in chat 999322114
INFO:__main__:Echoed message from 999322114in chat 999322114
INFO:__main__:Image received in chat 999322114
INFO:__main__:Image converted in chat 999322114
INFO:__main__:Image received in chat 999322114
INFO:__main__:Image converted in chat 999322114
INFO:__main__:Image received in chat 999322114
INFO:__main__:Image converted in chat 999322114
INFO:__main__:Echoed message from 999322114in chat 999322114
INFO:__main__:Image received in chat 999322114
INFO:__main__:Image converted in chat 999322114
INFO:__main__:Image received in chat 999322114
INFO:__main__:Image converted in chat 999322114
INFO:__main__:Image received in chat 999322114
INFO:__main__:Image converted in chat 999322114
INFO:__main__:Image received in chat 999322114
INFO:__main__:Image converted in chat 999322114
INFO:__main__:Image received in chat 999322114
INFO:__main__:Image converted in chat 999322114
INFO:__main__:Image received in chat 999322114
INFO:__main__:Image converted in chat 999322114
INFO:__main__:Image received in chat 999322114
INFO:__main__:Image converted in chat 999322114
INFO:__main__:Image received in chat 999322114
INFO:__main__:Image converted in chat 999322114
INFO:__main__:Image received in chat 999322114
INFO:__main__:Image converted in chat 999322114
INFO:__main__:Image received in chat 999322114
INFO:__main__:Image converted in chat 999322114
INFO:__main__:Image received in chat 999322114
INFO:__main__:Image converted in chat 999322114
INFO:__main__:Image received in chat 999322114
INFO:__main__:Image converted in chat 999322114
INFO:__main__:Image received in chat 999322114
INFO:__main__:Image converted in chat 999322114
INFO:__main__:Image received in chat 999322114
INFO:__main__:Image converted in chat 999322114
INFO:__main__:Image received in chat 999322114
INFO:__main__:Image converted in chat 999322114
INFO:__main__:Image received in chat 999322114
INFO:__main__:Image converted in chat 999322114
INFO:__main__:Image received in chat 999322114
INFO:__main__:Image converted in chat 999322114
INFO:__main__:Image received in chat 999322114
INFO:__main__:Image converted in chat 999322114
INFO:__main__:Image received in chat 999322114
INFO:__main__:Image converted in chat 999322114
ERROR:aiogram.dispatcher:Failed to fetch updates - TelegramNetworkError: HTTP Client says - Request timeout error
WARNING:aiogram.dispatcher:Sleep for 1.000000 seconds and try again... (tryings = 0, bot id = 8034069885)
INFO:aiogram.dispatcher:Connection established (tryings = 1, bot id = 8034069885)
